<?xml version="1.0" encoding="UTF-8"?>
<!-- Generated by org.testng.reporters.JUnitXMLReporter -->
<testsuite hostname="NDI-LAP-715" ignored="0" name="Test1" tests="1" failures="1" timestamp="23 Jun 2017 11:27:02 GMT" time="28.514" errors="0">
  <testcase name="campaigInfoSetupTest" time="25.148" classname="com.v5.identhq.testcases.CampaignInfoSetupTest">
    <failure type="java.lang.NumberFormatException" message="For input string: &amp;quot;&amp;quot;">
      <![CDATA[java.lang.NumberFormatException: For input string: ""
	at java.lang.NumberFormatException.forInputString(NumberFormatException.java:65)
	at java.lang.Integer.parseInt(Integer.java:592)
	at java.lang.Integer.parseInt(Integer.java:615)
	at com.v5.identhq.utils.TestUtils.getActualYear(TestUtils.java:207)
	at com.v5.identhq.utils.TestUtils.selectDate(TestUtils.java:134)
	at com.v5.identhq.utils.TestUtils.selectSpecificDates(TestUtils.java:129)
	at com.v5.identhq.pages.CampaignInfoPage.setCampaignLaunchDate(CampaignInfoPage.java:154)
	at com.v5.identhq.pages.CampaignInfoPage.fillCampaignInfo(CampaignInfoPage.java:77)
	at com.v5.identhq.testcases.CampaignInfoSetupTest.campaigInfoSetupTest(CampaignInfoSetupTest.java:26)
... Removed 25 stack frames]]>
    </failure>
  </testcase> <!-- campaigInfoSetupTest -->
</testsuite> <!-- Test1 -->
