<?xml version="1.0" encoding="UTF-8"?>
<!-- Generated by org.testng.reporters.JUnitXMLReporter -->
<testsuite hostname="NDI-LAP-715" ignored="0" name="Test2" tests="2" failures="0" timestamp="23 Jun 2017 11:27:02 GMT" time="0.07" errors="0">
  <testcase name="@BeforeTest setUpDriver" time="0.001" classname="com.v5.identhq.setup.BaseSetup">
    <failure type="org.openqa.selenium.remote.SessionNotFoundException" message="The FirefoxDriver cannot be used after quit() was called.
Build info: version: &amp;apos;2.53.1&amp;apos;, revision: &amp;apos;a36b8b1cd5757287168e54b817830adce9b0158d&amp;apos;, time: &amp;apos;2016-06-30 19:26:09&amp;apos;
System info: host: &amp;apos;NDI-LAP-715&amp;apos;, ip: &amp;apos;172.20.37.126&amp;apos;, os.name: &amp;apos;Windows 10&amp;apos;, os.arch: &amp;apos;amd64&amp;apos;, os.version: &amp;apos;10.0&amp;apos;, java.version: &amp;apos;1.8.0_131&amp;apos;
Driver info: driver.version: RemoteWebDriver">
      <![CDATA[org.openqa.selenium.remote.SessionNotFoundException: The FirefoxDriver cannot be used after quit() was called.
Build info: version: '2.53.1', revision: 'a36b8b1cd5757287168e54b817830adce9b0158d', time: '2016-06-30 19:26:09'
System info: host: 'NDI-LAP-715', ip: '172.20.37.126', os.name: 'Windows 10', os.arch: 'amd64', os.version: '10.0', java.version: '1.8.0_131'
Driver info: driver.version: RemoteWebDriver
	at org.openqa.selenium.firefox.FirefoxDriver$LazyCommandExecutor.execute(FirefoxDriver.java:377)
	at org.openqa.selenium.remote.RemoteWebDriver.execute(RemoteWebDriver.java:644)
	at org.openqa.selenium.remote.RemoteWebDriver.execute(RemoteWebDriver.java:701)
	at org.openqa.selenium.remote.RemoteWebDriver$RemoteWebDriverOptions.deleteAllCookies(RemoteWebDriver.java:773)
	at com.v5.identhq.setup.BaseSetup.setUpDriver(BaseSetup.java:61)
... Removed 23 stack frames]]>
    </failure>
  </testcase> <!-- @BeforeTest setUpDriver -->
  <testcase name="@BeforeMethod beforeMethod" time="0.0" classname="com.v5.identhq.setup.BaseSetup">
    <skipped/>
  </testcase> <!-- @BeforeMethod beforeMethod -->
  <testcase name="@BeforeMethod beforeMethod" time="0.0" classname="com.v5.identhq.setup.BaseSetup">
    <skipped/>
  </testcase> <!-- @BeforeMethod beforeMethod -->
  <testcase name="@AfterTest afterTest" time="0.0" classname="com.v5.identhq.setup.BaseSetup">
    <skipped/>
  </testcase> <!-- @AfterTest afterTest -->
  <testcase name="campaigBudgetSetupTest" time="0.0" classname="com.v5.identhq.testcases.CampaignBudgetSetupTest">
    <skipped/>
  </testcase> <!-- campaigBudgetSetupTest -->
  <testcase name="skipTest" time="0.0" classname="com.v5.identhq.testcases.CampaignBudgetSetupTest">
    <skipped/>
  </testcase> <!-- skipTest -->
</testsuite> <!-- Test2 -->
