<?xml version="1.0" encoding="UTF-8"?>
<!-- Generated by org.testng.reporters.JUnitXMLReporter -->
<testsuite hostname="NDI-LAP-715" ignored="0" name="Test" tests="2" failures="0" timestamp="23 Jun 2017 10:52:35 GMT" time="35.936" errors="0">
  <testcase name="campaigBudgetSetupTest" time="0.0" classname="com.v5.identhq.testcases.CampaignInfoSetupTest">
    <skipped/>
  </testcase> <!-- campaigBudgetSetupTest -->
  <testcase name="campaigInfoSetupTest" time="33.291" classname="com.v5.identhq.testcases.CampaignInfoSetupTest"/>
</testsuite> <!-- Test -->
