<?xml version="1.0" encoding="UTF-8"?>
<!-- Generated by org.testng.reporters.JUnitXMLReporter -->
<testsuite hostname="NDI-LAP-715" ignored="0" name="SignIn Verification Test" tests="1" failures="1" timestamp="30 Nov 2017 07:38:22 GMT" time="104.462" errors="0">
  <testcase name="verifyCampaignSetupWithValidDeatils" time="99.404" classname="com.v5.identhq.testcases.CampaignSetupTest">
    <failure type="java.lang.NullPointerException">
      <![CDATA[java.lang.NullPointerException
	at org.openqa.selenium.support.ui.FluentWait.until(FluentWait.java:238)
	at com.v5.identhq.pages.BasePage.waitForPageToLoad(BasePage.java:54)
	at com.v5.identhq.pages.BasePage.openPage(BasePage.java:42)
	at com.v5.identhq.pages.AdContentPage.enterValidAdContents(AdContentPage.java:100)
	at com.v5.identhq.testcases.CampaignSetupTest.verifyCampaignSetupWithValidDeatils(CampaignSetupTest.java:32)
	at java.util.concurrent.ThreadPoolExecutor.runWorker(ThreadPoolExecutor.java:1142)
	at java.util.concurrent.ThreadPoolExecutor$Worker.run(ThreadPoolExecutor.java:617)
	at java.lang.Thread.run(Thread.java:748)
... Removed 10 stack frames]]>
    </failure>
  </testcase> <!-- verifyCampaignSetupWithValidDeatils -->
</testsuite> <!-- SignIn Verification Test -->
