<?xml version="1.0" encoding="UTF-8"?>
<testng-results skipped="0" failed="0" ignored="0" total="1" passed="1">
  <reporter-output>
  </reporter-output>
  <suite name="Default suite" duration-ms="20801" started-at="2019-11-11T16:44:16Z" finished-at="2019-11-11T16:44:37Z">
    <groups>
    </groups>
    <test name="Default test" duration-ms="20801" started-at="2019-11-11T16:44:16Z" finished-at="2019-11-11T16:44:37Z">
      <class name="com.testcases.Assignment1Test">
        <test-method status="PASS" signature="initializeFramework()[pri:0, instance:com.testcases.Assignment1Test@f6c48ac]" name="initializeFramework" is-config="true" duration-ms="42" started-at="2019-11-11T22:14:16Z" finished-at="2019-11-11T22:14:16Z">
          <reporter-output>
          </reporter-output>
        </test-method> <!-- initializeFramework -->
        <test-method status="PASS" signature="beforeMethod()[pri:0, instance:com.testcases.Assignment1Test@f6c48ac]" name="beforeMethod" is-config="true" duration-ms="4851" started-at="2019-11-11T22:14:16Z" finished-at="2019-11-11T22:14:21Z">
          <reporter-output>
          </reporter-output>
        </test-method> <!-- beforeMethod -->
        <test-method status="PASS" signature="addMobileToCart()[pri:0, instance:com.testcases.Assignment1Test@f6c48ac]" name="addMobileToCart" duration-ms="13162" started-at="2019-11-11T22:14:21Z" finished-at="2019-11-11T22:14:34Z">
          <reporter-output>
          </reporter-output>
        </test-method> <!-- addMobileToCart -->
        <test-method status="PASS" signature="afterMethod(org.testng.ITestResult, java.lang.reflect.Method)[pri:0, instance:com.testcases.Assignment1Test@f6c48ac]" name="afterMethod" is-config="true" duration-ms="2770" started-at="2019-11-11T22:14:34Z" finished-at="2019-11-11T22:14:37Z">
          <params>
            <param index="0">
              <value>
                <![CDATA[[TestResult name=addMobileToCart status=SUCCESS method=Assignment1Test.addMobileToCart()[pri:0, instance:com.testcases.Assignment1Test@f6c48ac] output={null}]]]>
              </value>
            </param>
            <param index="1">
              <value>
                <![CDATA[public void com.testcases.Assignment1Test.addMobileToCart()]]>
              </value>
            </param>
          </params>
          <reporter-output>
          </reporter-output>
        </test-method> <!-- afterMethod -->
      </class> <!-- com.testcases.Assignment1Test -->
    </test> <!-- Default test -->
  </suite> <!-- Default suite -->
</testng-results>
